2021-09-23 12:01:31,722  INFO [main] TC_001_Amazon:44 - ****************************** Starting test cases execution  *****************************************
2021-09-23 12:01:31,742  INFO [main] TC_001_Amazon:45 - launching chrome broswer
2021-09-23 12:02:46,123  INFO [main] TC_001_Amazon:104 - ****************************** Browser is closed *****************************************
2021-09-23 12:02:46,126  INFO [main] TC_001_Amazon:44 - ****************************** Starting test cases execution  *****************************************
2021-09-23 12:02:46,126  INFO [main] TC_001_Amazon:45 - launching chrome broswer
2021-09-23 12:10:31,917  INFO [main] TC_001_Amazon:44 - ****************************** Starting test cases execution  *****************************************
2021-09-23 12:10:31,928  INFO [main] TC_001_Amazon:45 - launching chrome broswer
2021-09-23 12:11:02,836  INFO [main] TC_001_Amazon:104 - ****************************** Browser is closed *****************************************
2021-09-23 12:11:02,883  INFO [main] TC_001_Amazon:44 - ****************************** Starting test cases execution  *****************************************
2021-09-23 12:11:02,883  INFO [main] TC_001_Amazon:45 - launching chrome broswer
2021-09-23 12:11:24,672  INFO [main] TC_001_Amazon:104 - ****************************** Browser is closed *****************************************
2021-09-23 12:11:24,675  INFO [main] TC_001_Amazon:44 - ****************************** Starting test cases execution  *****************************************
2021-09-23 12:11:24,675  INFO [main] TC_001_Amazon:45 - launching chrome broswer
2021-09-23 12:11:50,581  INFO [main] TC_001_Amazon:104 - ****************************** Browser is closed *****************************************
2021-09-23 12:11:50,628  INFO [main] TC_001_Amazon:44 - ****************************** Starting test cases execution  *****************************************
2021-09-23 12:11:50,628  INFO [main] TC_001_Amazon:45 - launching chrome broswer
2021-09-23 12:14:48,486  INFO [main] TC_001_Amazon:104 - ****************************** Browser is closed *****************************************
2021-09-23 12:14:48,489  INFO [main] TC_001_Amazon:44 - ****************************** Starting test cases execution  *****************************************
2021-09-23 12:14:48,489  INFO [main] TC_001_Amazon:45 - launching chrome broswer
2021-09-23 12:16:53,014  INFO [main] TC_001_Amazon:104 - ****************************** Browser is closed *****************************************
2021-09-23 12:16:53,017  INFO [main] TC_001_Amazon:44 - ****************************** Starting test cases execution  *****************************************
2021-09-23 12:16:53,017  INFO [main] TC_001_Amazon:45 - launching chrome broswer
2021-09-23 12:19:43,329  INFO [main] TC_001_Amazon:104 - ****************************** Browser is closed *****************************************
2021-09-23 12:45:20,094  INFO [main] TC_001_Amazon:44 - ****************************** Starting test cases execution  *****************************************
2021-09-23 12:45:20,108  INFO [main] TC_001_Amazon:45 - launching chrome broswer
2021-09-23 12:46:01,189  INFO [main] TC_002_Amazon:38 - ****************************** Starting test cases execution  *****************************************
2021-09-23 12:46:01,197  INFO [main] TC_002_Amazon:39 - launching chrome broswer
2021-09-23 12:48:23,056  INFO [main] TC_002_Amazon:94 - ****************************** Browser is closed *****************************************
2021-09-23 12:49:00,673  INFO [main] TC_002_Amazon:38 - ****************************** Starting test cases execution  *****************************************
2021-09-23 12:49:00,690  INFO [main] TC_002_Amazon:39 - launching chrome broswer
2021-09-23 13:05:28,267  INFO [main] TC_002_Amazon:41 - ****************************** Starting test cases execution  *****************************************
2021-09-23 13:05:28,286  INFO [main] TC_002_Amazon:42 - launching chrome broswer
2021-09-23 13:08:52,919  INFO [main] TC_002_Amazon:104 - ****************************** Browser is closed *****************************************
2021-09-23 14:00:37,738  INFO [main] TC_002_Amazon:43 - ****************************** Starting test cases execution  *****************************************
2021-09-23 14:00:37,750  INFO [main] TC_002_Amazon:44 - launching chrome broswer
2021-09-23 14:01:34,532  INFO [main] TC_002_Amazon:111 - ****************************** Browser is closed *****************************************
2021-09-23 14:03:41,143  INFO [main] TC_002_Amazon:43 - ****************************** Starting test cases execution  *****************************************
2021-09-23 14:03:41,152  INFO [main] TC_002_Amazon:44 - launching chrome broswer
2021-09-23 14:04:40,544  INFO [main] TC_002_Amazon:112 - ****************************** Browser is closed *****************************************
2021-09-23 14:07:28,784  INFO [main] TC_002_Amazon:43 - ****************************** Starting test cases execution  *****************************************
2021-09-23 14:07:28,804  INFO [main] TC_002_Amazon:44 - launching chrome broswer
2021-09-23 14:08:37,358  INFO [main] TC_002_Amazon:114 - ****************************** Browser is closed *****************************************
2021-09-23 14:10:02,135  INFO [main] TC_002_Amazon:43 - ****************************** Starting test cases execution  *****************************************
2021-09-23 14:10:02,145  INFO [main] TC_002_Amazon:44 - launching chrome broswer
2021-09-23 14:11:11,882  INFO [main] TC_002_Amazon:114 - ****************************** Browser is closed *****************************************
2021-09-23 14:12:37,262  INFO [main] TC_002_Amazon:43 - ****************************** Starting test cases execution  *****************************************
2021-09-23 14:12:37,279  INFO [main] TC_002_Amazon:44 - launching chrome broswer
2021-09-23 14:13:45,988  INFO [main] TC_002_Amazon:114 - ****************************** Browser is closed *****************************************
2021-09-23 14:20:40,197  INFO [main] TC_002_Amazon:47 - ****************************** Starting test cases execution  *****************************************
2021-09-23 14:20:40,205  INFO [main] TC_002_Amazon:48 - launching chrome broswer
2021-09-23 14:21:57,951  INFO [main] TC_002_Amazon:122 - ****************************** Browser is closed *****************************************
2021-09-23 15:46:41,562  INFO [main] TC_002_Amazon:47 - ****************************** Starting test cases execution  *****************************************
2021-09-23 15:46:41,567  INFO [main] TC_002_Amazon:48 - launching chrome broswer
2021-09-23 15:48:43,742  INFO [main] TC_002_Amazon:122 - ****************************** Browser is closed *****************************************
2021-09-23 15:54:38,467  INFO [main] TC_002_Amazon:47 - ****************************** Starting test cases execution  *****************************************
2021-09-23 15:54:38,482  INFO [main] TC_002_Amazon:48 - launching chrome broswer
2021-09-23 15:55:44,899  INFO [main] TC_002_Amazon:126 - ****************************** Browser is closed *****************************************
2021-09-23 15:56:29,832  INFO [main] TC_002_Amazon:47 - ****************************** Starting test cases execution  *****************************************
2021-09-23 15:56:29,847  INFO [main] TC_002_Amazon:48 - launching chrome broswer
2021-09-23 15:57:22,881  INFO [main] TC_002_Amazon:126 - ****************************** Browser is closed *****************************************
2021-09-23 16:00:53,473  INFO [main] TC_001_Amazon:44 - ****************************** Starting test cases execution  *****************************************
2021-09-23 16:00:53,473  INFO [main] TC_001_Amazon:45 - launching chrome broswer
2021-09-23 16:01:40,283  INFO [main] TC_001_Amazon:95 - ****************************** Browser is closed *****************************************
2021-09-23 16:01:40,349  INFO [main] TC_001_Amazon:44 - ****************************** Starting test cases execution  *****************************************
2021-09-23 16:01:40,349  INFO [main] TC_001_Amazon:45 - launching chrome broswer
2021-09-23 16:02:09,538  INFO [main] TC_001_Amazon:95 - ****************************** Browser is closed *****************************************
2021-09-23 16:02:09,585  INFO [main] TC_001_Amazon:44 - ****************************** Starting test cases execution  *****************************************
2021-09-23 16:02:09,585  INFO [main] TC_001_Amazon:45 - launching chrome broswer
2021-09-23 16:02:40,134  INFO [main] TC_001_Amazon:95 - ****************************** Browser is closed *****************************************
2021-09-23 16:02:40,183  INFO [main] TC_001_Amazon:44 - ****************************** Starting test cases execution  *****************************************
2021-09-23 16:02:40,183  INFO [main] TC_001_Amazon:45 - launching chrome broswer
2021-09-23 16:03:25,013  INFO [main] TC_001_Amazon:95 - ****************************** Browser is closed *****************************************
2021-09-23 16:03:25,016  INFO [main] TC_001_Amazon:44 - ****************************** Starting test cases execution  *****************************************
2021-09-23 16:03:25,016  INFO [main] TC_001_Amazon:45 - launching chrome broswer
2021-09-23 16:03:54,399  INFO [main] TC_001_Amazon:95 - ****************************** Browser is closed *****************************************
2021-09-23 16:03:54,589  INFO [main] TC_002_Amazon:47 - ****************************** Starting test cases execution  *****************************************
2021-09-23 16:03:54,589  INFO [main] TC_002_Amazon:48 - launching chrome broswer
2021-09-23 16:05:00,174  INFO [main] TC_002_Amazon:126 - ****************************** Browser is closed *****************************************
2021-09-23 16:15:12,039  INFO [main] TC_001_Amazon:44 - ****************************** Starting test cases execution  *****************************************
2021-09-23 16:15:12,100  INFO [main] TC_001_Amazon:45 - launching chrome broswer
2021-09-23 16:17:18,254  INFO [main] TC_001_Amazon:95 - ****************************** Browser is closed *****************************************
2021-09-23 16:17:18,937  INFO [main] TC_001_Amazon:44 - ****************************** Starting test cases execution  *****************************************
2021-09-23 16:17:18,938  INFO [main] TC_001_Amazon:45 - launching chrome broswer
2021-09-23 16:18:10,209  INFO [main] TC_001_Amazon:95 - ****************************** Browser is closed *****************************************
2021-09-23 16:18:10,306  INFO [main] TC_001_Amazon:44 - ****************************** Starting test cases execution  *****************************************
2021-09-23 16:18:10,306  INFO [main] TC_001_Amazon:45 - launching chrome broswer
2021-09-23 16:18:49,247  INFO [main] TC_001_Amazon:95 - ****************************** Browser is closed *****************************************
2021-09-23 16:18:49,278  INFO [main] TC_001_Amazon:44 - ****************************** Starting test cases execution  *****************************************
2021-09-23 16:18:49,278  INFO [main] TC_001_Amazon:45 - launching chrome broswer
2021-09-23 16:19:37,620  INFO [main] TC_001_Amazon:95 - ****************************** Browser is closed *****************************************
2021-09-23 16:19:37,671  INFO [main] TC_001_Amazon:44 - ****************************** Starting test cases execution  *****************************************
2021-09-23 16:19:37,671  INFO [main] TC_001_Amazon:45 - launching chrome broswer
2021-09-23 16:20:31,116  INFO [main] TC_001_Amazon:95 - ****************************** Browser is closed *****************************************
2021-09-23 16:20:31,178  INFO [main] TC_001_Amazon:44 - ****************************** Starting test cases execution  *****************************************
2021-09-23 16:20:31,193  INFO [main] TC_001_Amazon:45 - launching chrome broswer
2021-09-23 16:22:52,893  INFO [main] TC_001_Amazon:95 - ****************************** Browser is closed *****************************************
2021-09-23 16:22:52,943  INFO [main] TC_001_Amazon:44 - ****************************** Starting test cases execution  *****************************************
2021-09-23 16:22:52,943  INFO [main] TC_001_Amazon:45 - launching chrome broswer
2021-09-23 16:23:16,593  INFO [main] TC_001_Amazon:95 - ****************************** Browser is closed *****************************************
2021-09-23 16:23:16,721  INFO [main] TC_002_Amazon:47 - ****************************** Starting test cases execution  *****************************************
2021-09-23 16:23:16,721  INFO [main] TC_002_Amazon:48 - launching chrome broswer
2021-09-23 16:24:11,088  INFO [main] TC_002_Amazon:126 - ****************************** Browser is closed *****************************************
2021-09-23 16:24:11,122  INFO [main] TC_002_Amazon:47 - ****************************** Starting test cases execution  *****************************************
2021-09-23 16:24:11,122  INFO [main] TC_002_Amazon:48 - launching chrome broswer
2021-09-23 16:25:08,515  INFO [main] TC_002_Amazon:126 - ****************************** Browser is closed *****************************************
2021-09-23 16:25:08,626  INFO [main] TC_002_Amazon:47 - ****************************** Starting test cases execution  *****************************************
2021-09-23 16:25:08,626  INFO [main] TC_002_Amazon:48 - launching chrome broswer
2021-09-23 16:25:50,789  INFO [main] TC_002_Amazon:126 - ****************************** Browser is closed *****************************************
2021-09-23 16:25:50,792  INFO [main] TC_002_Amazon:47 - ****************************** Starting test cases execution  *****************************************
2021-09-23 16:25:50,792  INFO [main] TC_002_Amazon:48 - launching chrome broswer
2021-09-23 16:27:47,520  INFO [main] TC_002_Amazon:126 - ****************************** Browser is closed *****************************************
2021-09-23 16:31:18,234  INFO [main] TC_002_Amazon:47 - ****************************** Starting test cases execution  *****************************************
2021-09-23 16:31:18,248  INFO [main] TC_002_Amazon:48 - launching chrome broswer
2021-09-23 16:32:12,321  INFO [main] TC_002_Amazon:126 - ****************************** Browser is closed *****************************************
2021-09-23 16:32:12,340  INFO [main] TC_002_Amazon:47 - ****************************** Starting test cases execution  *****************************************
2021-09-23 16:32:12,340  INFO [main] TC_002_Amazon:48 - launching chrome broswer
2021-09-23 16:32:50,373  INFO [main] TC_002_Amazon:126 - ****************************** Browser is closed *****************************************
2021-09-23 16:35:51,168  INFO [main] TC_002_Amazon:39 - ****************************** Starting test cases execution  *****************************************
2021-09-23 16:35:51,173  INFO [main] TC_002_Amazon:40 - launching chrome broswer
2021-09-23 16:36:41,551  INFO [main] TC_002_Amazon:132 - ****************************** Browser is closed *****************************************
2021-09-23 16:36:41,650  INFO [main] TC_002_Amazon:39 - ****************************** Starting test cases execution  *****************************************
2021-09-23 16:36:41,650  INFO [main] TC_002_Amazon:40 - launching chrome broswer
2021-09-23 16:37:33,083  INFO [main] TC_002_Amazon:132 - ****************************** Browser is closed *****************************************
2021-09-23 16:38:09,407  INFO [main] TC_001_Amazon:44 - ****************************** Starting test cases execution  *****************************************
2021-09-23 16:38:09,416  INFO [main] TC_001_Amazon:45 - launching chrome broswer
2021-09-23 16:39:18,811  INFO [main] TC_001_Amazon:95 - ****************************** Browser is closed *****************************************
2021-09-23 16:39:18,853  INFO [main] TC_001_Amazon:44 - ****************************** Starting test cases execution  *****************************************
2021-09-23 16:39:18,855  INFO [main] TC_001_Amazon:45 - launching chrome broswer
2021-09-23 16:39:50,043  INFO [main] TC_001_Amazon:95 - ****************************** Browser is closed *****************************************
2021-09-23 16:39:50,105  INFO [main] TC_001_Amazon:44 - ****************************** Starting test cases execution  *****************************************
2021-09-23 16:39:50,105  INFO [main] TC_001_Amazon:45 - launching chrome broswer
2021-09-23 16:40:19,372  INFO [main] TC_001_Amazon:95 - ****************************** Browser is closed *****************************************
2021-09-23 16:40:19,476  INFO [main] TC_001_Amazon:44 - ****************************** Starting test cases execution  *****************************************
2021-09-23 16:40:19,476  INFO [main] TC_001_Amazon:45 - launching chrome broswer
2021-09-23 16:42:13,027  INFO [main] TC_001_Amazon:95 - ****************************** Browser is closed *****************************************
2021-09-23 16:42:13,049  INFO [main] TC_001_Amazon:44 - ****************************** Starting test cases execution  *****************************************
2021-09-23 16:42:13,051  INFO [main] TC_001_Amazon:45 - launching chrome broswer
2021-09-23 16:42:48,830  INFO [main] TC_001_Amazon:95 - ****************************** Browser is closed *****************************************
2021-09-23 16:42:48,833  INFO [main] TC_001_Amazon:44 - ****************************** Starting test cases execution  *****************************************
2021-09-23 16:42:48,833  INFO [main] TC_001_Amazon:45 - launching chrome broswer
2021-09-23 16:46:56,145  INFO [main] TC_001_Amazon:44 - ****************************** Starting test cases execution  *****************************************
2021-09-23 16:46:56,151  INFO [main] TC_001_Amazon:45 - launching chrome broswer
2021-09-23 16:47:43,064  INFO [main] TC_001_Amazon:95 - ****************************** Browser is closed *****************************************
2021-09-23 16:47:43,098  INFO [main] TC_001_Amazon:44 - ****************************** Starting test cases execution  *****************************************
2021-09-23 16:47:43,098  INFO [main] TC_001_Amazon:45 - launching chrome broswer
2021-09-23 16:48:12,454  INFO [main] TC_001_Amazon:95 - ****************************** Browser is closed *****************************************
2021-09-23 16:48:12,458  INFO [main] TC_001_Amazon:44 - ****************************** Starting test cases execution  *****************************************
2021-09-23 16:48:12,458  INFO [main] TC_001_Amazon:45 - launching chrome broswer
2021-09-23 16:48:40,125  INFO [main] TC_001_Amazon:95 - ****************************** Browser is closed *****************************************
2021-09-23 16:48:40,174  INFO [main] TC_001_Amazon:44 - ****************************** Starting test cases execution  *****************************************
2021-09-23 16:48:40,174  INFO [main] TC_001_Amazon:45 - launching chrome broswer
2021-09-23 16:50:39,437  INFO [main] TC_001_Amazon:95 - ****************************** Browser is closed *****************************************
2021-09-23 16:50:39,439  INFO [main] TC_001_Amazon:44 - ****************************** Starting test cases execution  *****************************************
2021-09-23 16:50:39,439  INFO [main] TC_001_Amazon:45 - launching chrome broswer
2021-09-23 16:51:11,411  INFO [main] TC_001_Amazon:95 - ****************************** Browser is closed *****************************************
2021-09-23 16:51:11,426  INFO [main] TC_001_Amazon:44 - ****************************** Starting test cases execution  *****************************************
2021-09-23 16:51:11,426  INFO [main] TC_001_Amazon:45 - launching chrome broswer
2021-09-23 16:53:05,259  INFO [main] TC_001_Amazon:95 - ****************************** Browser is closed *****************************************
2021-09-23 16:53:05,265  INFO [main] TC_001_Amazon:44 - ****************************** Starting test cases execution  *****************************************
2021-09-23 16:53:05,266  INFO [main] TC_001_Amazon:45 - launching chrome broswer
2021-09-23 16:55:22,088  INFO [main] TC_001_Amazon:95 - ****************************** Browser is closed *****************************************
2021-09-23 17:11:37,674  INFO [main] TC_001_Amazon:44 - ****************************** Starting test cases execution  *****************************************
2021-09-23 17:11:37,684  INFO [main] TC_001_Amazon:45 - launching chrome broswer
2021-09-23 17:12:21,299  INFO [main] TC_001_Amazon:95 - ****************************** Browser is closed *****************************************
2021-09-23 17:12:21,301  INFO [main] TC_001_Amazon:44 - ****************************** Starting test cases execution  *****************************************
2021-09-23 17:12:21,301  INFO [main] TC_001_Amazon:45 - launching chrome broswer
2021-09-23 17:13:12,375  INFO [main] TC_001_Amazon:95 - ****************************** Browser is closed *****************************************
2021-09-23 17:13:12,379  INFO [main] TC_001_Amazon:44 - ****************************** Starting test cases execution  *****************************************
2021-09-23 17:13:12,379  INFO [main] TC_001_Amazon:45 - launching chrome broswer
2021-09-23 17:14:20,340  INFO [main] TC_001_Amazon:95 - ****************************** Browser is closed *****************************************
2021-09-23 17:14:20,343  INFO [main] TC_001_Amazon:44 - ****************************** Starting test cases execution  *****************************************
2021-09-23 17:14:20,343  INFO [main] TC_001_Amazon:45 - launching chrome broswer
2021-09-23 17:15:27,091  INFO [main] TC_001_Amazon:95 - ****************************** Browser is closed *****************************************
2021-09-23 17:15:27,094  INFO [main] TC_001_Amazon:44 - ****************************** Starting test cases execution  *****************************************
2021-09-23 17:15:27,094  INFO [main] TC_001_Amazon:45 - launching chrome broswer
2021-09-23 17:16:04,436  INFO [main] TC_001_Amazon:95 - ****************************** Browser is closed *****************************************
2021-09-23 17:22:17,297  INFO [main] TC_001_Amazon:44 - ****************************** Starting test cases execution  *****************************************
2021-09-23 17:22:17,297  INFO [main] TC_001_Amazon:45 - launching chrome broswer
2021-09-23 17:23:06,748  INFO [main] TC_001_Amazon:95 - ****************************** Browser is closed *****************************************
2021-09-23 17:23:06,748  INFO [main] TC_001_Amazon:44 - ****************************** Starting test cases execution  *****************************************
2021-09-23 17:23:06,748  INFO [main] TC_001_Amazon:45 - launching chrome broswer
2021-09-23 17:24:04,645  INFO [main] TC_001_Amazon:95 - ****************************** Browser is closed *****************************************
2021-09-23 17:24:04,645  INFO [main] TC_001_Amazon:44 - ****************************** Starting test cases execution  *****************************************
2021-09-23 17:24:04,645  INFO [main] TC_001_Amazon:45 - launching chrome broswer
2021-09-23 17:26:56,404  INFO [main] TC_001_Amazon:44 - ****************************** Starting test cases execution  *****************************************
2021-09-23 17:26:56,420  INFO [main] TC_001_Amazon:45 - launching chrome broswer
2021-09-23 17:27:57,837  INFO [main] TC_001_Amazon:95 - ****************************** Browser is closed *****************************************
2021-09-23 17:27:57,837  INFO [main] TC_001_Amazon:44 - ****************************** Starting test cases execution  *****************************************
2021-09-23 17:27:57,837  INFO [main] TC_001_Amazon:45 - launching chrome broswer
2021-09-23 17:28:42,098  INFO [main] TC_001_Amazon:95 - ****************************** Browser is closed *****************************************
2021-09-23 17:28:42,130  INFO [main] TC_001_Amazon:44 - ****************************** Starting test cases execution  *****************************************
2021-09-23 17:28:42,130  INFO [main] TC_001_Amazon:45 - launching chrome broswer
2021-09-23 17:29:15,727  INFO [main] TC_001_Amazon:95 - ****************************** Browser is closed *****************************************
2021-09-23 17:29:15,742  INFO [main] TC_001_Amazon:44 - ****************************** Starting test cases execution  *****************************************
2021-09-23 17:29:15,742  INFO [main] TC_001_Amazon:45 - launching chrome broswer
2021-09-23 17:29:52,864  INFO [main] TC_001_Amazon:95 - ****************************** Browser is closed *****************************************
2021-09-23 17:29:52,864  INFO [main] TC_001_Amazon:44 - ****************************** Starting test cases execution  *****************************************
2021-09-23 17:29:52,864  INFO [main] TC_001_Amazon:45 - launching chrome broswer
2021-09-23 17:30:33,287  INFO [main] TC_001_Amazon:95 - ****************************** Browser is closed *****************************************
2021-09-23 17:30:33,568  INFO [main] TC_002_Amazon:39 - ****************************** Starting test cases execution  *****************************************
2021-09-23 17:30:33,568  INFO [main] TC_002_Amazon:40 - launching chrome broswer
2021-09-23 17:31:50,954  INFO [main] TC_002_Amazon:132 - ****************************** Browser is closed *****************************************
2021-09-23 17:31:50,969  INFO [main] TC_002_Amazon:39 - ****************************** Starting test cases execution  *****************************************
2021-09-23 17:31:50,969  INFO [main] TC_002_Amazon:40 - launching chrome broswer
2021-09-23 17:32:56,304  INFO [main] TC_002_Amazon:132 - ****************************** Browser is closed *****************************************
2021-09-23 17:32:56,304  INFO [main] TC_002_Amazon:39 - ****************************** Starting test cases execution  *****************************************
2021-09-23 17:32:56,304  INFO [main] TC_002_Amazon:40 - launching chrome broswer
2021-09-23 17:33:35,445  INFO [main] TC_002_Amazon:132 - ****************************** Browser is closed *****************************************
2021-09-23 17:33:35,445  INFO [main] TC_002_Amazon:39 - ****************************** Starting test cases execution  *****************************************
2021-09-23 17:33:35,445  INFO [main] TC_002_Amazon:40 - launching chrome broswer
2021-09-23 17:34:17,046  INFO [main] TC_002_Amazon:132 - ****************************** Browser is closed *****************************************
2021-09-23 17:34:17,046  INFO [main] TC_002_Amazon:39 - ****************************** Starting test cases execution  *****************************************
2021-09-23 17:34:17,046  INFO [main] TC_002_Amazon:40 - launching chrome broswer
2021-09-23 17:35:33,485  INFO [main] TC_002_Amazon:132 - ****************************** Browser is closed *****************************************
2021-09-23 17:40:29,015  INFO [main] TC_001_Amazon:44 - ****************************** Starting test cases execution  *****************************************
2021-09-23 17:40:29,015  INFO [main] TC_001_Amazon:45 - launching chrome broswer
2021-09-23 17:41:19,720  INFO [main] TC_001_Amazon:95 - ****************************** Browser is closed *****************************************
2021-09-23 17:41:19,720  INFO [main] TC_001_Amazon:44 - ****************************** Starting test cases execution  *****************************************
2021-09-23 17:41:19,720  INFO [main] TC_001_Amazon:45 - launching chrome broswer
2021-09-23 17:41:48,488  INFO [main] TC_001_Amazon:95 - ****************************** Browser is closed *****************************************
2021-09-23 17:41:48,519  INFO [main] TC_001_Amazon:44 - ****************************** Starting test cases execution  *****************************************
2021-09-23 17:41:48,519  INFO [main] TC_001_Amazon:45 - launching chrome broswer
2021-09-23 17:42:12,535  INFO [main] TC_001_Amazon:95 - ****************************** Browser is closed *****************************************
2021-09-23 17:42:12,535  INFO [main] TC_001_Amazon:44 - ****************************** Starting test cases execution  *****************************************
2021-09-23 17:42:12,535  INFO [main] TC_001_Amazon:45 - launching chrome broswer
2021-09-23 17:42:40,598  INFO [main] TC_001_Amazon:95 - ****************************** Browser is closed *****************************************
2021-09-23 17:42:40,598  INFO [main] TC_001_Amazon:44 - ****************************** Starting test cases execution  *****************************************
2021-09-23 17:42:40,598  INFO [main] TC_001_Amazon:45 - launching chrome broswer
2021-09-23 17:43:07,360  INFO [main] TC_001_Amazon:95 - ****************************** Browser is closed *****************************************
2021-09-23 17:43:07,438  INFO [main] TC_002_Amazon:39 - ****************************** Starting test cases execution  *****************************************
2021-09-23 17:43:07,454  INFO [main] TC_002_Amazon:40 - launching chrome broswer
2021-09-23 17:43:48,597  INFO [main] TC_002_Amazon:132 - ****************************** Browser is closed *****************************************
2021-09-23 17:43:48,597  INFO [main] TC_002_Amazon:39 - ****************************** Starting test cases execution  *****************************************
2021-09-23 17:43:48,597  INFO [main] TC_002_Amazon:40 - launching chrome broswer
2021-09-23 17:44:31,042  INFO [main] TC_002_Amazon:132 - ****************************** Browser is closed *****************************************
2021-09-23 17:44:31,042  INFO [main] TC_002_Amazon:39 - ****************************** Starting test cases execution  *****************************************
2021-09-23 17:44:31,042  INFO [main] TC_002_Amazon:40 - launching chrome broswer
2021-09-23 17:45:15,847  INFO [main] TC_002_Amazon:132 - ****************************** Browser is closed *****************************************
2021-09-23 17:45:15,910  INFO [main] TC_002_Amazon:39 - ****************************** Starting test cases execution  *****************************************
2021-09-23 17:45:15,910  INFO [main] TC_002_Amazon:40 - launching chrome broswer
2021-09-23 17:46:03,530  INFO [main] TC_002_Amazon:132 - ****************************** Browser is closed *****************************************
2021-09-23 17:46:03,546  INFO [main] TC_002_Amazon:39 - ****************************** Starting test cases execution  *****************************************
2021-09-23 17:46:03,546  INFO [main] TC_002_Amazon:40 - launching chrome broswer
2021-09-23 17:46:51,464  INFO [main] TC_002_Amazon:132 - ****************************** Browser is closed *****************************************
2021-09-23 17:46:52,636 DEBUG [main] cache:45 - Couldn't find template in cache for "Extent.ftl"("en_IN", UTF-8, parsed); will try to load it.
2021-09-23 17:46:52,636 DEBUG [main] cache:45 - TemplateLoader.findTemplateSource("Extent_en_IN.ftl"): Not found
2021-09-23 17:46:52,651 DEBUG [main] cache:45 - TemplateLoader.findTemplateSource("Extent_en.ftl"): Not found
2021-09-23 17:46:52,651 DEBUG [main] cache:45 - TemplateLoader.findTemplateSource("Extent.ftl"): Found
2021-09-23 17:46:52,651 DEBUG [main] cache:45 - Loading template for "Extent.ftl"("en_IN", UTF-8, parsed) from "jar:file:/C:/Users/Asus/.m2/repository/com/relevantcodes/extentreports/2.41.2/extentreports-2.41.2.jar!/com/relevantcodes/extentreports/view/Extent.ftl"
2021-09-23 17:46:53,183 DEBUG [main] cache:45 - Couldn't find template in cache for "Extent.ftl"("en_IN", UTF-8, parsed); will try to load it.
2021-09-23 17:46:53,183 DEBUG [main] cache:45 - TemplateLoader.findTemplateSource("Extent_en_IN.ftl"): Not found
2021-09-23 17:46:53,183 DEBUG [main] cache:45 - TemplateLoader.findTemplateSource("Extent_en.ftl"): Not found
2021-09-23 17:46:53,183 DEBUG [main] cache:45 - TemplateLoader.findTemplateSource("Extent.ftl"): Found
2021-09-23 17:46:53,183 DEBUG [main] cache:45 - Loading template for "Extent.ftl"("en_IN", UTF-8, parsed) from "jar:file:/C:/Users/Asus/.m2/repository/com/relevantcodes/extentreports/2.41.2/extentreports-2.41.2.jar!/com/relevantcodes/extentreports/view/Extent.ftl"
